<?xml version="1.0" encoding="UTF-8"?>
<!-- Generated by org.testng.reporters.JUnitXMLReporter -->
<testsuite hostname="CABBSDHJ3V" ignored="0" name="Test" tests="1" failures="0" timestamp="08 Mar 2017 11:18:39 GMT" time="0.525" errors="0">
  <testcase name="@BeforeClass beforeClass" time="0.43" classname="com.teachbeamers.LoadTest1">
    <failure type="java.lang.IllegalStateException" message="The path to the driver executable must be set by the webdriver.gecko.driver system property; for more information, see https://github.com/mozilla/geckodriver. The latest version can be downloaded from https://github.com/mozilla/geckodriver/releases">
      <![CDATA[java.lang.IllegalStateException: The path to the driver executable must be set by the webdriver.gecko.driver system property; for more information, see https://github.com/mozilla/geckodriver. The latest version can be downloaded from https://github.com/mozilla/geckodriver/releases
	at com.google.common.base.Preconditions.checkState(Preconditions.java:738)
	at org.openqa.selenium.remote.service.DriverService.findExecutable(DriverService.java:111)
	at org.openqa.selenium.firefox.GeckoDriverService.access$100(GeckoDriverService.java:38)
	at org.openqa.selenium.firefox.GeckoDriverService$Builder.findDefaultExecutable(GeckoDriverService.java:112)
	at org.openqa.selenium.remote.service.DriverService$Builder.build(DriverService.java:302)
	at org.openqa.selenium.firefox.FirefoxDriver.createCommandExecutor(FirefoxDriver.java:312)
	at org.openqa.selenium.firefox.FirefoxDriver.<init>(FirefoxDriver.java:272)
	at org.openqa.selenium.firefox.FirefoxDriver.<init>(FirefoxDriver.java:267)
	at org.openqa.selenium.firefox.FirefoxDriver.<init>(FirefoxDriver.java:263)
	at org.openqa.selenium.firefox.FirefoxDriver.<init>(FirefoxDriver.java:122)
	at com.teachbeamers.LoadTest1.beforeClass(LoadTest1.java:20)
... Removed 25 stack frames]]>
    </failure>
  </testcase> <!-- @BeforeClass beforeClass -->
  <testcase name="@AfterClass afterClass" time="0.0" classname="com.teachbeamers.LoadTest1">
    <skipped/>
  </testcase> <!-- @AfterClass afterClass -->
  <testcase name="verifySearchButton" time="0.0" classname="com.teachbeamers.LoadTest1">
    <skipped/>
  </testcase> <!-- verifySearchButton -->
</testsuite> <!-- Test -->
