<?xml version="1.0" encoding="UTF-8"?>
<testng-results skipped="0" failed="0" ignored="0" total="1" passed="1">
  <reporter-output>
  </reporter-output>
  <suite name="Default suite" duration-ms="62" started-at="2017-03-08T16:09:14Z" finished-at="2017-03-08T16:09:14Z">
    <groups>
    </groups>
    <test name="Default test" duration-ms="62" started-at="2017-03-08T16:09:14Z" finished-at="2017-03-08T16:09:14Z">
      <class name="aaa.SampleTestcase">
        <test-method status="PASS" signature="testPrintMessage()[pri:0, instance:aaa.SampleTestcase@1afa04c]" name="testPrintMessage" duration-ms="16" started-at="2017-03-08T21:39:14Z" finished-at="2017-03-08T21:39:14Z">
          <reporter-output>
          </reporter-output>
        </test-method> <!-- testPrintMessage -->
      </class> <!-- aaa.SampleTestcase -->
    </test> <!-- Default test -->
  </suite> <!-- Default suite -->
</testng-results>
